\BOOKMARK [1][-]{section.1}{\376\377\000G\000l\000o\000s\000a\000r\000i\000o\000\040\000y\000\040\000n\000o\000t\000a\000c\000i\000\363\000n}{}% 1
\BOOKMARK [1][-]{section.2}{\376\377\000P\000r\000o\000b\000l\000e\000m\000a\000\040\000q\000u\000e\000\040\000r\000e\000s\000u\000e\000l\000v\000e\000\040\000l\000a\000\040\000a\000n\000a\000t\000o\000m\000\355\000a\000\040\000T\000O\000I\000/\000A\000T\000I}{}% 2
\BOOKMARK [1][-]{section.3}{\376\377\000D\000a\000t\000o\000s\000\040\000u\000s\000a\000d\000o\000s\000\040\000y\000\040\000e\000s\000c\000a\000l\000a\000\040\000d\000e\000\040\000a\000n\000\341\000l\000i\000s\000i\000s}{}% 3
\BOOKMARK [1][-]{section.4}{\376\377\000E\000s\000p\000a\000c\000i\000o\000\040\000f\000\355\000s\000i\000c\000o\000-\000o\000r\000b\000i\000t\000a\000l\000\040\000R\0003}{}% 4
\BOOKMARK [1][-]{section.5}{\376\377\000\315\000n\000d\000i\000c\000e\000\040\000r\000e\000g\000i\000o\000n\000a\000l\000\040\000T\000O\000I}{}% 5
\BOOKMARK [1][-]{section.6}{\376\377\000\315\000n\000d\000i\000c\000e\000\040\000d\000e\000\040\000p\000l\000a\000n\000e\000t\000a\000\040\000a\000n\000c\000l\000a\000\040\000A\000T\000I}{}% 6
\BOOKMARK [1][-]{section.7}{\376\377\000R\000e\000s\000u\000l\000t\000a\000d\000o\000s\000\040\000r\000e\000g\000i\000o\000n\000a\000l\000e\000s\000:\000\040\000t\000o\000p\000\040\000r\000e\000g\000i\000o\000n\000e\000s\000\040\000p\000o\000r\000\040\000T\000O\000I}{}% 7
\BOOKMARK [1][-]{section.8}{\376\377\000D\000e\000s\000c\000o\000m\000p\000o\000s\000i\000c\000i\000\363\000n\000\040\000d\000e\000\040\000f\000a\000c\000t\000o\000r\000e\000s\000\040\000T\000O\000I}{}% 8
\BOOKMARK [1][-]{section.9}{\376\377\000R\000e\000s\000u\000l\000t\000a\000d\000o\000s\000\040\000p\000o\000r\000\040\000p\000l\000a\000n\000e\000t\000a\000:\000\040\000t\000o\000p\000\040\000a\000n\000c\000l\000a\000s\000\040\000p\000o\000r\000\040\000A\000T\000I}{}% 9
\BOOKMARK [1][-]{section.10}{\376\377\000D\000e\000s\000c\000o\000m\000p\000o\000s\000i\000c\000i\000\363\000n\000\040\000d\000e\000\040\000f\000a\000c\000t\000o\000r\000e\000s\000\040\000A\000T\000I}{}% 10
\BOOKMARK [1][-]{section.11}{\376\377\000T\000a\000b\000l\000a\000s\000\040\000d\000e\000\040\000d\000\351\000f\000i\000c\000i\000t\000\040\000p\000o\000r\000\040\000r\000a\000d\000i\000o\000\040\000p\000a\000r\000a\000\040\000l\000a\000s\000\040\000a\000n\000c\000l\000a\000s\000\040\000p\000r\000i\000n\000c\000i\000p\000a\000l\000e\000s}{}% 11
\BOOKMARK [2][-]{subsection.11.1}{\376\377\000H\000I\000P\000\040\0009\0007\0001\0006\0006\000\040\000c\000\040\000e\000n\000\040\000c\000u\000b\000e\0001\0002\000_\000c\000l\000u\000s\000t\000e\000r\0000}{section.11}% 12
\BOOKMARK [2][-]{subsection.11.2}{\376\377\000H\000I\000P\000\040\0009\0000\0009\0008\0008\000\040\000b\000\040\000e\000n\000\040\000c\000u\000b\000e\0001\0007\000_\000c\000l\000u\000s\000t\000e\000r\0002}{section.11}% 13
\BOOKMARK [2][-]{subsection.11.3}{\376\377\000H\000D\000\040\0004\0002\0000\0001\0002\000\040\000b\000\040\000e\000n\000\040\000c\000u\000b\000e\0001\0009\000_\000c\000l\000u\000s\000t\000e\000r\0005\000\040\000y\000\040\000c\000u\000b\000e\0002\0006\000_\000c\000l\000u\000s\000t\000e\000r\0006}{section.11}% 14
\BOOKMARK [2][-]{subsection.11.4}{\376\377\000H\000D\000\040\0004\0003\0001\0003\000\040\000b\000\040\000e\000n\000\040\000c\000u\000b\000e\0001\0007\000_\000c\000l\000u\000s\000t\000e\000r\0001\0000}{section.11}% 15
\BOOKMARK [1][-]{section.12}{\376\377\000D\000\351\000f\000i\000c\000i\000t\000\040\000r\000e\000l\000a\000t\000i\000v\000o\000\040\000y\000\040\000d\000\351\000f\000i\000c\000i\000t\000\040\000a\000b\000s\000o\000l\000u\000t\000o\000\040\000p\000o\000r\000\040\000r\000a\000d\000i\000o}{}% 16
\BOOKMARK [1][-]{section.13}{\376\377\000T\000r\000e\000s\000\040\000c\000a\000s\000o\000s\000\040\000f\000i\000n\000a\000l\000e\000s\000\040\000p\000a\000r\000a\000\040\000e\000x\000p\000o\000s\000i\000c\000i\000\363\000n}{}% 17
\BOOKMARK [1][-]{section.14}{\376\377\000D\000i\000s\000c\000u\000s\000i\000\363\000n}{}% 18
\BOOKMARK [1][-]{section.15}{\376\377\000C\000o\000n\000c\000l\000u\000s\000i\000o\000n\000e\000s}{}% 19
\BOOKMARK [2][-]{subsection.15.1}{\376\377\000C\000o\000n\000c\000l\000u\000s\000i\000o\000n\000e\000s\000\040\000s\000e\000g\000u\000r\000a\000s}{section.15}% 20
\BOOKMARK [2][-]{subsection.15.2}{\376\377\000C\000o\000n\000c\000l\000u\000s\000i\000o\000n\000e\000s\000\040\000p\000r\000u\000d\000e\000n\000t\000e\000s}{section.15}% 21
\BOOKMARK [2][-]{subsection.15.3}{\376\377\000C\000o\000n\000c\000l\000u\000s\000i\000o\000n\000e\000s\000\040\000q\000u\000e\000\040\000n\000o\000\040\000d\000e\000b\000e\000n\000\040\000h\000a\000c\000e\000r\000s\000e}{section.15}% 22
\BOOKMARK [1][-]{section.16}{\376\377\000L\000i\000m\000i\000t\000a\000c\000i\000o\000n\000e\000s}{}% 23
\BOOKMARK [1][-]{section.17}{\376\377\000T\000r\000a\000b\000a\000j\000o\000\040\000f\000u\000t\000u\000r\000o}{}% 24
\BOOKMARK [2][-]{subsection.17.1}{\376\377\000A\000u\000d\000i\000t\000o\000r\000\355\000a\000\040\000c\000u\000a\000n\000t\000i\000t\000a\000t\000i\000v\000a\000\040\000d\000e\000\040\000l\000o\000s\000\040\000c\000a\000s\000o\000s\000\040\000l\000\355\000d\000e\000r\000e\000s}{section.17}% 25
\BOOKMARK [2][-]{subsection.17.2}{\376\377\000E\000s\000t\000a\000b\000i\000l\000i\000d\000a\000d\000\040\000t\000o\000p\000o\000l\000\363\000g\000i\000c\000a}{section.17}% 26
\BOOKMARK [2][-]{subsection.17.3}{\376\377\000M\000o\000d\000e\000l\000o\000\040\000d\000e\000\040\000c\000o\000m\000p\000l\000e\000t\000i\000t\000u\000d\000\040\000p\000o\000r\000\040\000m\000\351\000t\000o\000d\000o}{section.17}% 27
\BOOKMARK [2][-]{subsection.17.4}{\376\377\000D\000e\000\040\000A\000T\000I\000\040\000a\000\040\000r\000a\000n\000k\000i\000n\000g\000\040\000o\000b\000s\000e\000r\000v\000a\000c\000i\000o\000n\000a\000l}{section.17}% 28
\BOOKMARK [2][-]{subsection.17.5}{\376\377\000V\000a\000l\000i\000d\000a\000c\000i\000\363\000n\000\040\000c\000o\000n\000\040\000c\000a\000t\000\341\000l\000o\000g\000o\000s\000\040\000f\000u\000t\000u\000r\000o\000s}{section.17}% 29
\BOOKMARK [1][-]{section.18}{\376\377\000C\000o\000n\000c\000l\000u\000s\000i\000\363\000n\000\040\000g\000e\000n\000e\000r\000a\000l}{}% 30
