2026-04-30 14:48:17,491 INFO [exoplanet_tda.feature_audit_dry] Starting stage: data_audit
2026-04-30 14:48:17,543 INFO [exoplanet_tda.feature_audit_dry] Starting stage: feature_audit
2026-04-30 14:48:17,622 INFO [exoplanet_tda.feature_audit_dry] Starting stage: mapper
2026-04-30 14:48:17,631 INFO [exoplanet_tda.feature_audit_dry] Starting stage: observational_bias
2026-04-30 14:48:17,641 INFO [exoplanet_tda.feature_audit_dry] Starting stage: observational_shadow
2026-04-30 14:48:17,650 INFO [exoplanet_tda.feature_audit_dry] Starting stage: local_shadow_case_studies
2026-04-30 14:48:17,659 INFO [exoplanet_tda.feature_audit_dry] Starting stage: topological_incompleteness_index
2026-04-30 14:48:17,668 INFO [exoplanet_tda.feature_audit_dry] Starting stage: toi_ati_case_anatomy
2026-04-30 14:48:17,679 INFO [exoplanet_tda.feature_audit_dry] Starting stage: toi_ati_future_validation
2026-04-30 14:48:17,688 INFO [exoplanet_tda.feature_audit_dry] Starting stage: system_missing_planets
2026-04-30 14:48:17,697 INFO [exoplanet_tda.feature_audit_dry] Starting stage: candidate_characterization
2026-04-30 14:48:17,706 INFO [exoplanet_tda.feature_audit_dry] Starting stage: reporting
2026-04-30 14:49:50,336 INFO [exoplanet_tda.feature_audit_dry] Starting stage: data_audit
2026-04-30 14:49:50,373 INFO [exoplanet_tda.feature_audit_dry] Starting stage: feature_audit
2026-04-30 14:49:50,446 INFO [exoplanet_tda.feature_audit_dry] Starting stage: mapper
2026-04-30 14:49:50,455 INFO [exoplanet_tda.feature_audit_dry] Starting stage: observational_bias
2026-04-30 14:49:50,465 INFO [exoplanet_tda.feature_audit_dry] Starting stage: observational_shadow
2026-04-30 14:49:50,475 INFO [exoplanet_tda.feature_audit_dry] Starting stage: local_shadow_case_studies
2026-04-30 14:49:50,484 INFO [exoplanet_tda.feature_audit_dry] Starting stage: topological_incompleteness_index
2026-04-30 14:49:50,495 INFO [exoplanet_tda.feature_audit_dry] Starting stage: toi_ati_case_anatomy
2026-04-30 14:49:50,504 INFO [exoplanet_tda.feature_audit_dry] Starting stage: toi_ati_future_validation
2026-04-30 14:49:50,514 INFO [exoplanet_tda.feature_audit_dry] Starting stage: system_missing_planets
2026-04-30 14:49:50,523 INFO [exoplanet_tda.feature_audit_dry] Starting stage: candidate_characterization
2026-04-30 14:49:50,534 INFO [exoplanet_tda.feature_audit_dry] Starting stage: reporting
2026-04-30 14:51:27,521 INFO [exoplanet_tda.feature_audit_dry] Starting stage: data_audit
2026-04-30 14:51:27,558 INFO [exoplanet_tda.feature_audit_dry] Starting stage: feature_audit
2026-04-30 14:51:27,634 INFO [exoplanet_tda.feature_audit_dry] Starting stage: mapper
2026-04-30 14:51:27,643 INFO [exoplanet_tda.feature_audit_dry] Starting stage: observational_bias
2026-04-30 14:51:27,652 INFO [exoplanet_tda.feature_audit_dry] Starting stage: observational_shadow
2026-04-30 14:51:27,661 INFO [exoplanet_tda.feature_audit_dry] Starting stage: local_shadow_case_studies
2026-04-30 14:51:27,670 INFO [exoplanet_tda.feature_audit_dry] Starting stage: topological_incompleteness_index
2026-04-30 14:51:27,680 INFO [exoplanet_tda.feature_audit_dry] Starting stage: toi_ati_case_anatomy
2026-04-30 14:51:27,690 INFO [exoplanet_tda.feature_audit_dry] Starting stage: toi_ati_future_validation
2026-04-30 14:51:27,699 INFO [exoplanet_tda.feature_audit_dry] Starting stage: system_missing_planets
2026-04-30 14:51:27,708 INFO [exoplanet_tda.feature_audit_dry] Starting stage: candidate_characterization
2026-04-30 14:51:27,718 INFO [exoplanet_tda.feature_audit_dry] Starting stage: reporting
