\BOOKMARK [1][-]{section.1}{\376\377\000P\000r\000e\000g\000u\000n\000t\000a\000\040\000c\000e\000n\000t\000r\000a\000l}{}% 1
\BOOKMARK [1][-]{section.2}{\376\377\000D\000e\000f\000i\000n\000i\000c\000i\000o\000n\000e\000s\000\040\000y\000\040\000n\000o\000t\000a\000c\000i\000\363\000n}{}% 2
\BOOKMARK [1][-]{section.3}{\376\377\000C\000a\000s\000o\000s\000\040\000s\000e\000l\000e\000c\000c\000i\000o\000n\000a\000d\000o\000s}{}% 3
\BOOKMARK [1][-]{section.4}{\376\377\000C\000a\000s\000o\000\040\000A\000:\000\040\000c\000u\000b\000e\0001\0007\000\137\000c\000l\000u\000s\000t\000e\000r\0002\000\040\000e\000\040\000H\000I\000P\000\040\0009\0000\0009\0008\0008\000\040\000b}{}% 4
\BOOKMARK [2][-]{subsection.4.1}{\376\377\000F\000i\000c\000h\000a\000\040\000t\000\351\000c\000n\000i\000c\000a}{section.4}% 5
\BOOKMARK [2][-]{subsection.4.2}{\376\377\000F\000i\000g\000u\000r\000a\000\040\0001\000:\000\040\000e\000g\000o\000-\000n\000e\000t\000w\000o\000r\000k\000\040\000l\000o\000c\000a\000l\000\040\000d\000e\000\040\000c\000u\000b\000e\0001\0007\000\137\000c\000l\000u\000s\000t\000e\000r\0002}{section.4}% 6
\BOOKMARK [2][-]{subsection.4.3}{\376\377\000F\000i\000g\000u\000r\000a\000\040\0002\000:\000\040\000p\000r\000o\000y\000e\000c\000c\000i\000o\000n\000e\000s\000\040\000d\000e\000\040\000R\0003\000\040\000p\000a\000r\000a\000\040\000H\000I\000P\000\040\0009\0000\0009\0008\0008\000\040\000b}{section.4}% 7
\BOOKMARK [2][-]{subsection.4.4}{\376\377\000F\000i\000g\000u\000r\000a\000\040\0003\000:\000\040\000c\000o\000m\000p\000o\000s\000i\000c\000i\000\363\000n\000\040\000p\000o\000r\000\040\000m\000\351\000t\000o\000d\000o\000\040\000d\000e\000l\000\040\000n\000o\000d\000o\000\040\000y\000\040\000s\000u\000s\000\040\000v\000e\000c\000i\000n\000o\000s}{section.4}% 8
\BOOKMARK [2][-]{subsection.4.5}{\376\377\000F\000i\000g\000u\000r\000a\000\040\0004\000:\000\040\000a\000u\000d\000i\000t\000o\000r\000\355\000a\000\040\000d\000e\000\040\000i\000m\000p\000u\000t\000a\000c\000i\000\363\000n\000\040\000e\000n\000\040\000R\0003}{section.4}% 9
\BOOKMARK [2][-]{subsection.4.6}{\376\377\000F\000i\000g\000u\000r\000a\000\040\0005\000:\000\040\000d\000\351\000f\000i\000c\000i\000t\000\040\000l\000o\000c\000a\000l\000\040\000d\000e\000\040\000v\000e\000c\000i\000n\000o\000s\000\040\000c\000o\000m\000p\000a\000t\000i\000b\000l\000e\000s}{section.4}% 10
\BOOKMARK [2][-]{subsection.4.7}{\376\377\000F\000i\000g\000u\000r\000a\000\040\0006\000:\000\040\000p\000r\000o\000x\000y\000\040\000d\000e\000\040\000d\000e\000t\000e\000c\000t\000a\000b\000i\000l\000i\000d\000a\000d\000\040\000R\000V}{section.4}% 11
\BOOKMARK [1][-]{section.5}{\376\377\000C\000a\000s\000o\000\040\000B\000:\000\040\000c\000u\000b\000e\0002\0006\000\137\000c\000l\000u\000s\000t\000e\000r\0000\000\040\000y\000\040\000H\000D\000\040\0001\0006\0007\0006\0007\0007\000\040\000b}{}% 12
\BOOKMARK [2][-]{subsection.5.1}{\376\377\000F\000i\000c\000h\000a\000\040\000t\000\351\000c\000n\000i\000c\000a}{section.5}% 13
\BOOKMARK [2][-]{subsection.5.2}{\376\377\000F\000i\000g\000u\000r\000a\000\040\0007\000:\000\040\000e\000g\000o\000-\000n\000e\000t\000w\000o\000r\000k\000\040\000d\000e\000\040\000c\000u\000b\000e\0002\0006\000\137\000c\000l\000u\000s\000t\000e\000r\0000}{section.5}% 14
\BOOKMARK [2][-]{subsection.5.3}{\376\377\000F\000i\000g\000u\000r\000a\000\040\0008\000:\000\040\000p\000r\000o\000y\000e\000c\000c\000i\000o\000n\000e\000s\000\040\000R\0003\000\040\000d\000e\000\040\000c\000u\000b\000e\0002\0006\000\137\000c\000l\000u\000s\000t\000e\000r\0000}{section.5}% 15
\BOOKMARK [2][-]{subsection.5.4}{\376\377\000F\000i\000g\000u\000r\000a\000\040\0009\000:\000\040\000c\000o\000m\000p\000o\000s\000i\000c\000i\000\363\000n\000\040\000m\000\351\000t\000o\000d\000o\000-\000v\000e\000c\000i\000n\000d\000a\000r\000i\000o\000\040\000e\000n\000\040\000c\000u\000b\000e\0002\0006\000\137\000c\000l\000u\000s\000t\000e\000r\0000}{section.5}% 16
\BOOKMARK [2][-]{subsection.5.5}{\376\377\000F\000i\000g\000u\000r\000a\000\040\0001\0000\000:\000\040\000i\000m\000p\000u\000t\000a\000c\000i\000\363\000n\000\040\000R\0003\000\040\000d\000e\000\040\000c\000u\000b\000e\0002\0006\000\137\000c\000l\000u\000s\000t\000e\000r\0000}{section.5}% 17
\BOOKMARK [2][-]{subsection.5.6}{\376\377\000F\000i\000g\000u\000r\000a\000\040\0001\0001\000:\000\040\000d\000\351\000f\000i\000c\000i\000t\000\040\000l\000o\000c\000a\000l\000\040\000d\000e\000\040\000H\000D\000\040\0001\0006\0007\0006\0007\0007\000\040\000b}{section.5}% 18
\BOOKMARK [2][-]{subsection.5.7}{\376\377\000F\000i\000g\000u\000r\000a\000\040\0001\0002\000:\000\040\000p\000r\000o\000x\000y\000\040\000R\000V\000\040\000d\000e\000\040\000H\000D\000\040\0001\0006\0007\0006\0007\0007\000\040\000b}{section.5}% 19
\BOOKMARK [1][-]{section.6}{\376\377\000C\000a\000s\000o\000\040\000C\000:\000\040\000c\000u\000b\000e\0002\0004\000\137\000c\000l\000u\000s\000t\000e\000r\0000\000\040\000y\000\040\000H\000D\000\040\0006\0000\0002\0009\0002\000\040\000b}{}% 20
\BOOKMARK [2][-]{subsection.6.1}{\376\377\000F\000i\000c\000h\000a\000\040\000t\000\351\000c\000n\000i\000c\000a}{section.6}% 21
\BOOKMARK [2][-]{subsection.6.2}{\376\377\000F\000i\000g\000u\000r\000a\000\040\0001\0003\000:\000\040\000e\000g\000o\000-\000n\000e\000t\000w\000o\000r\000k\000\040\000d\000e\000\040\000c\000u\000b\000e\0002\0004\000\137\000c\000l\000u\000s\000t\000e\000r\0000}{section.6}% 22
\BOOKMARK [2][-]{subsection.6.3}{\376\377\000F\000i\000g\000u\000r\000a\000\040\0001\0004\000:\000\040\000p\000r\000o\000y\000e\000c\000c\000i\000o\000n\000e\000s\000\040\000R\0003\000\040\000d\000e\000\040\000c\000u\000b\000e\0002\0004\000\137\000c\000l\000u\000s\000t\000e\000r\0000}{section.6}% 23
\BOOKMARK [2][-]{subsection.6.4}{\376\377\000F\000i\000g\000u\000r\000a\000\040\0001\0005\000:\000\040\000c\000o\000m\000p\000o\000s\000i\000c\000i\000\363\000n\000\040\000p\000o\000r\000\040\000m\000\351\000t\000o\000d\000o\000\040\000d\000e\000\040\000c\000u\000b\000e\0002\0004\000\137\000c\000l\000u\000s\000t\000e\000r\0000}{section.6}% 24
\BOOKMARK [2][-]{subsection.6.5}{\376\377\000F\000i\000g\000u\000r\000a\000\040\0001\0006\000:\000\040\000i\000m\000p\000u\000t\000a\000c\000i\000\363\000n\000\040\000e\000n\000\040\000R\0003\000\040\000d\000e\000\040\000c\000u\000b\000e\0002\0004\000\137\000c\000l\000u\000s\000t\000e\000r\0000}{section.6}% 25
\BOOKMARK [2][-]{subsection.6.6}{\376\377\000F\000i\000g\000u\000r\000a\000\040\0001\0007\000:\000\040\000d\000\351\000f\000i\000c\000i\000t\000\040\000l\000o\000c\000a\000l\000\040\000d\000e\000\040\000H\000D\000\040\0006\0000\0002\0009\0002\000\040\000b}{section.6}% 26
\BOOKMARK [2][-]{subsection.6.7}{\376\377\000F\000i\000g\000u\000r\000a\000\040\0001\0008\000:\000\040\000p\000r\000o\000x\000y\000\040\000R\000V\000\040\000d\000e\000\040\000H\000D\000\040\0006\0000\0002\0009\0002\000\040\000b}{section.6}% 27
\BOOKMARK [1][-]{section.7}{\376\377\000C\000o\000m\000p\000a\000r\000a\000c\000i\000\363\000n\000\040\000e\000n\000t\000r\000e\000\040\000l\000o\000s\000\040\000t\000r\000e\000s\000\040\000c\000a\000s\000o\000s}{}% 28
\BOOKMARK [2][-]{subsection.7.1}{\376\377\000F\000i\000g\000u\000r\000a\000\040\0001\0009\000:\000\040\000s\000o\000m\000b\000r\000a\000\040\000o\000b\000s\000e\000r\000v\000a\000c\000i\000o\000n\000a\000l\000\040\000f\000r\000e\000n\000t\000e\000\040\000a\000\040\000d\000i\000s\000t\000a\000n\000c\000i\000a\000\040\000f\000\355\000s\000i\000c\000a}{section.7}% 29
\BOOKMARK [2][-]{subsection.7.2}{\376\377\000F\000i\000g\000u\000r\000a\000\040\0002\0000\000:\000\040\000c\000o\000m\000p\000a\000r\000a\000c\000i\000\363\000n\000\040\000d\000e\000\040\000d\000\351\000f\000i\000c\000i\000t\000\040\000r\000e\000l\000a\000t\000i\000v\000o}{section.7}% 30
\BOOKMARK [2][-]{subsection.7.3}{\376\377\000F\000i\000g\000u\000r\000a\000\040\0002\0001\000:\000\040\000m\000a\000t\000r\000i\000z\000\040\000d\000e\000\040\000c\000o\000n\000f\000i\000a\000n\000z\000a}{section.7}% 31
\BOOKMARK [1][-]{section.8}{\376\377\000R\000e\000s\000p\000u\000e\000s\000t\000a\000\040\000f\000i\000n\000a\000l\000\040\000s\000o\000b\000r\000e\000\040\000H\000I\000P\000\040\0009\0000\0009\0008\0008\000\040\000b}{}% 32
\BOOKMARK [1][-]{section.9}{\376\377\000D\000i\000a\000g\000n\000\363\000s\000t\000i\000c\000o\000\040\000c\000r\000\355\000t\000i\000c\000o\000:\000\040\000p\000o\000r\000\040\000q\000u\000\351\000\040\000o\000c\000u\000r\000r\000e\000\040\000e\000l\000\040\000p\000a\000t\000r\000\363\000n\000\040\000y\000\040\000d\000\363\000n\000d\000e\000\040\000p\000o\000d\000r\000\355\000a\000\040\000e\000s\000t\000a\000r\000\040\000e\000l\000\040\000e\000r\000r\000o\000r}{}% 33
\BOOKMARK [2][-]{subsection.9.1}{\376\377\000P\000o\000r\000\040\000q\000u\000\351\000\040\000c\000r\000e\000o\000\040\000q\000u\000e\000\040\000o\000c\000u\000r\000r\000e\000\040\000f\000\355\000s\000i\000c\000a\000m\000e\000n\000t\000e}{section.9}% 34
\BOOKMARK [2][-]{subsection.9.2}{\376\377\000P\000o\000r\000\040\000q\000u\000\351\000\040\000o\000c\000u\000r\000r\000e\000\040\000t\000o\000p\000o\000l\000\363\000g\000i\000c\000a\000m\000e\000n\000t\000e}{section.9}% 35
\BOOKMARK [2][-]{subsection.9.3}{\376\377\000P\000o\000r\000\040\000q\000u\000\351\000\040\000e\000l\000\040\000d\000\351\000f\000i\000c\000i\000t\000\040\000s\000a\000l\000e\000\040\000d\000\351\000b\000i\000l\000\040\000y\000\040\000n\000o\000\040\000f\000u\000e\000r\000t\000e}{section.9}% 36
\BOOKMARK [2][-]{subsection.9.4}{\376\377\000C\000u\000\341\000l\000\040\000c\000r\000e\000o\000\040\000q\000u\000e\000\040\000e\000s\000\040\000e\000l\000\040\000e\000r\000r\000o\000r\000\040\000p\000r\000i\000n\000c\000i\000p\000a\000l\000\040\000d\000e\000\040\000i\000n\000t\000e\000r\000p\000r\000e\000t\000a\000c\000i\000\363\000n}{section.9}% 37
\BOOKMARK [2][-]{subsection.9.5}{\376\377\000P\000o\000s\000i\000b\000l\000e\000s\000\040\000f\000r\000a\000g\000i\000l\000i\000d\000a\000d\000e\000s\000\040\000t\000\351\000c\000n\000i\000c\000a\000s}{section.9}% 38
\BOOKMARK [2][-]{subsection.9.6}{\376\377\000C\000u\000\341\000l\000\040\000c\000r\000e\000o\000\040\000q\000u\000e\000\040\000e\000s\000\040\000l\000a\000\040\000f\000a\000l\000l\000a\000\040\000m\000e\000t\000o\000d\000o\000l\000\363\000g\000i\000c\000a\000\040\000m\000\341\000s\000\040\000i\000m\000p\000o\000r\000t\000a\000n\000t\000e}{section.9}% 39
\BOOKMARK [2][-]{subsection.9.7}{\376\377\000Q\000u\000\351\000\040\000c\000o\000r\000r\000e\000g\000i\000r\000\355\000a\000\040\000o\000\040\000m\000e\000j\000o\000r\000a\000r\000\355\000a\000\040\000s\000i\000\040\000h\000u\000b\000i\000e\000r\000a\000\040\000o\000t\000r\000a\000\040\000i\000t\000e\000r\000a\000c\000i\000\363\000n}{section.9}% 40
\BOOKMARK [2][-]{subsection.9.8}{\376\377\000C\000o\000n\000c\000l\000u\000s\000i\000\363\000n\000\040\000d\000e\000l\000\040\000d\000i\000a\000g\000n\000\363\000s\000t\000i\000c\000o}{section.9}% 41
\BOOKMARK [1][-]{section.10}{\376\377\000C\000o\000n\000c\000l\000u\000s\000i\000o\000n\000e\000s}{}% 42
\BOOKMARK [1][-]{section.11}{\376\377\000L\000i\000m\000i\000t\000a\000c\000i\000o\000n\000e\000s}{}% 43
\BOOKMARK [1][-]{section.12}{\376\377\000F\000r\000a\000s\000e\000\040\000f\000i\000n\000a\000l\000\040\000p\000a\000r\000a\000\040\000p\000r\000e\000s\000e\000n\000t\000a\000c\000i\000\363\000n}{}% 44
