\BOOKMARK [1][-]{section.1}{\376\377\000R\000e\000s\000u\000m\000e\000n\000\040\000e\000j\000e\000c\000u\000t\000i\000v\000o}{}% 1
\BOOKMARK [1][-]{section.2}{\376\377\000G\000l\000o\000s\000a\000r\000i\000o\000\040\000e\000j\000e\000c\000u\000t\000i\000v\000o\000\040\000y\000\040\000n\000o\000t\000a\000c\000i\000\363\000n}{}% 2
\BOOKMARK [1][-]{section.3}{\376\377\000L\000a\000\040\000b\000a\000s\000e\000\040\000r\000e\000p\000r\000o\000d\000u\000c\000i\000b\000l\000e\000:\000\040\000i\000m\000p\000u\000t\000a\000c\000i\000\363\000n\000\040\000t\000r\000a\000z\000a\000b\000l\000e\000\040\000y\000\040\000c\000o\000b\000e\000r\000t\000u\000r\000a\000\040\000M\000a\000p\000p\000e\000r}{}% 3
\BOOKMARK [1][-]{section.4}{\376\377\000M\000a\000p\000p\000e\000r\000\040\000c\000o\000m\000o\000\040\000a\000t\000l\000a\000s\000\040\000t\000o\000p\000o\000l\000\363\000g\000i\000c\000o\000\040\000d\000e\000l\000\040\000c\000a\000t\000\341\000l\000o\000g\000o}{}% 4
\BOOKMARK [1][-]{section.5}{\376\377\000D\000e\000\040\000e\000s\000t\000r\000u\000c\000t\000u\000r\000a\000\040\000a\000\040\000e\000v\000i\000d\000e\000n\000c\000i\000a\000:\000\040\000c\000l\000a\000s\000i\000f\000i\000c\000a\000c\000i\000\363\000n\000\040\000f\000i\000n\000a\000l\000\040\000d\000e\000\040\000r\000e\000g\000i\000o\000n\000e\000s}{}% 5
\BOOKMARK [1][-]{section.6}{\376\377\000E\000l\000\040\000g\000r\000a\000f\000o\000\040\000o\000r\000b\000i\000t\000a\000l\000:\000\040\000e\000l\000\040\000n\000\372\000c\000l\000e\000o\000\040\000m\000\341\000s\000\040\000i\000n\000f\000o\000r\000m\000a\000t\000i\000v\000o\000\040\000d\000e\000l\000\040\000p\000r\000o\000y\000e\000c\000t\000o}{}% 6
\BOOKMARK [1][-]{section.7}{\376\377\000D\000e\000l\000\040\000s\000e\000s\000g\000o\000\040\000d\000e\000\040\000d\000e\000s\000c\000u\000b\000r\000i\000m\000i\000e\000n\000t\000o\000\040\000a\000\040\000l\000a\000\040\000s\000o\000m\000b\000r\000a\000\040\000o\000b\000s\000e\000r\000v\000a\000c\000i\000o\000n\000a\000l}{}% 7
\BOOKMARK [1][-]{section.8}{\376\377\000T\000O\000I\000:\000\040\000p\000r\000i\000o\000r\000i\000d\000a\000d\000\040\000r\000e\000g\000i\000o\000n\000a\000l}{}% 8
\BOOKMARK [1][-]{section.9}{\376\377\000A\000T\000I\000:\000\040\000d\000e\000\040\000r\000e\000g\000i\000o\000n\000e\000s\000\040\000a\000\040\000p\000l\000a\000n\000e\000t\000a\000s\000\040\000a\000n\000c\000l\000a}{}% 9
\BOOKMARK [1][-]{section.10}{\376\377\000V\000a\000l\000i\000d\000a\000c\000i\000\363\000n\000\040\000m\000u\000l\000t\000i\000e\000s\000c\000a\000l\000a\000:\000\040\000d\000e\000l\000\040\000r\000a\000n\000k\000i\000n\000g\000\040\000e\000x\000p\000l\000o\000r\000a\000t\000o\000r\000i\000o\000\040\000a\000l\000\040\000r\000a\000n\000k\000i\000n\000g\000\040\000c\000o\000n\000s\000e\000r\000v\000a\000d\000o\000r}{}% 10
\BOOKMARK [1][-]{section.11}{\376\377\000R\000a\000n\000k\000i\000n\000g\000\040\000f\000i\000n\000a\000l\000\040\000d\000e\000\040\000p\000r\000i\000o\000r\000i\000d\000a\000d\000\040\000o\000b\000s\000e\000r\000v\000a\000c\000i\000o\000n\000a\000l}{}% 11
\BOOKMARK [1][-]{section.12}{\376\377\000F\000i\000c\000h\000a\000s\000\040\000f\000i\000n\000a\000l\000e\000s\000:\000\040\000l\000o\000s\000\040\000c\000a\000s\000o\000s\000\040\000q\000u\000e\000\040\000c\000u\000e\000n\000t\000a\000n\000\040\000l\000a\000\040\000h\000i\000s\000t\000o\000r\000i\000a}{}% 12
\BOOKMARK [2][-]{subsection.12.1}{\376\377\000R\000e\000g\000i\000\363\000n\000\040\000t\000o\000p\000\040\000p\000o\000r\000\040\000T\000O\000I\000:\000\040\000c\000u\000b\000e\0001\0002\000\137\000c\000l\000u\000s\000t\000e\000r\0000}{section.12}% 13
\BOOKMARK [2][-]{subsection.12.2}{\376\377\000A\000n\000c\000l\000a\000\040\000c\000o\000n\000s\000e\000r\000v\000a\000d\000o\000r\000a\000:\000\040\000H\000I\000P\000\040\0009\0000\0009\0008\0008\000\040\000b\000\040\000/\000\040\000c\000u\000b\000e\0001\0007\000\137\000c\000l\000u\000s\000t\000e\000r\0002}{section.12}% 14
\BOOKMARK [2][-]{subsection.12.3}{\376\377\000A\000n\000c\000l\000a\000\040\000d\000e\000\040\000t\000r\000a\000n\000s\000i\000c\000i\000\363\000n\000:\000\040\000H\000D\000\040\0004\0002\0000\0001\0002\000\040\000b}{section.12}% 15
\BOOKMARK [2][-]{subsection.12.4}{\376\377\000C\000a\000n\000d\000i\000d\000a\000t\000o\000\040\000s\000e\000c\000u\000n\000d\000a\000r\000i\000o\000\040\000e\000s\000t\000a\000b\000l\000e\000:\000\040\000H\000D\000\040\0004\0003\0001\0003\000\040\000b}{section.12}% 16
\BOOKMARK [1][-]{section.13}{\376\377\000T\000e\000s\000i\000s\000,\000\040\000c\000o\000n\000t\000r\000a\000p\000e\000s\000o\000\040\000y\000\040\000s\000\355\000n\000t\000e\000s\000i\000s}{}% 17
\BOOKMARK [1][-]{section.14}{\376\377\000M\000a\000p\000a\000\040\000i\000n\000t\000e\000r\000d\000i\000s\000c\000i\000p\000l\000i\000n\000a\000r\000i\000o}{}% 18
\BOOKMARK [1][-]{section.15}{\376\377\000T\000r\000a\000b\000a\000j\000o\000\040\000f\000u\000t\000u\000r\000o\000\040\000c\000o\000m\000o\000\040\000e\000x\000p\000a\000n\000s\000i\000\363\000n\000\040\000n\000a\000t\000u\000r\000a\000l}{}% 19
\BOOKMARK [1][-]{section.16}{\376\377\000C\000o\000n\000c\000l\000u\000s\000i\000\363\000n\000\040\000f\000i\000n\000a\000l}{}% 20
\BOOKMARK [1][-]{appendix.Alph1}{\376\377\000N\000o\000t\000a\000s\000\040\000d\000e\000\040\000r\000e\000p\000r\000o\000d\000u\000c\000i\000b\000i\000l\000i\000d\000a\000d}{}% 21
\BOOKMARK [1][-]{appendix.Alph2}{\376\377\000D\000e\000f\000i\000n\000i\000c\000i\000o\000n\000e\000s\000\040\000f\000o\000r\000m\000a\000l\000e\000s\000\040\000m\000\355\000n\000i\000m\000a\000s}{}% 22
