This is pdfTeX, Version 3.141592653-2.6-1.40.29 (MiKTeX 26.2) (preloaded format=pdflatex 2026.4.26)  28 APR 2026 20:28
entering extended mode
 restricted \write18 enabled.
 file:line:error style messages enabled.
 %&-line parsing enabled.
**"c:/Users/herie/OneDrive - Fundacion Universidad de las Americas Puebla/Topological-mapping-of-detection-bias-and-observational-incompleteness-in-exoplanet-catalogs/tex/final_project_report_v2/tex/final/main.tex"
(c:/Users/herie/OneDrive - Fundacion Universidad de las Americas Puebla/Topological-mapping-of-detection-bias-and-observational-incompleteness-in-exoplanet-catalogs/tex/final_project_report_v2/tex/final/main.tex
LaTeX2e <2025-11-01>
L3 programming layer <2026-03-20>
(C:\Users\herie\AppData\Local\Programs\MiKTeX\tex/latex/base\article.cls
Document Class: article 2025/01/22 v1.4n Standard LaTeX document class
(C:\Users\herie\AppData\Local\Programs\MiKTeX\tex/latex/base\size11.clo
File: size11.clo 2025/01/22 v1.4n Standard LaTeX file (size option)
)
\c@part=\count275
\c@section=\count276
\c@subsection=\count277
\c@subsubsection=\count278
\c@paragraph=\count279
\c@subparagraph=\count280
\c@figure=\count281
\c@table=\count282
\abovecaptionskip=\skip49
\belowcaptionskip=\skip50
\bibindent=\dimen150
) (C:\Users\herie\AppData\Local\Programs\MiKTeX\tex/latex/base\inputenc.sty
Package: inputenc 2024/02/08 v1.3d Input encoding file
\inpenc@prehook=\toks17
\inpenc@posthook=\toks18
) (C:\Users\herie\AppData\Local\Programs\MiKTeX\tex/latex/base\fontenc.sty
Package: fontenc 2025/07/18 v2.1d Standard LaTeX package
) (C:\Users\herie\AppData\Local\Programs\MiKTeX\tex/generic/babel\babel.sty
Package: babel 2026/03/24 v26.5 The multilingual framework for LuaLaTeX, pdfLaTeX and XeLaTeX
\babel@savecnt=\count283
LaTeX Encoding Info:    Redeclaring text command \ij (encoding OT1) on input line 2078.
LaTeX Encoding Info:    Redeclaring text command \IJ (encoding OT1) on input line 2080.
LaTeX Encoding Info:    Redeclaring text command \ij (encoding T1) on input line 2082.
LaTeX Encoding Info:    Redeclaring text command \IJ (encoding T1) on input line 2083.
LaTeX Encoding Info:    Ignoring declaration for text command \ij (encoding ?) on input line 2084.
LaTeX Encoding Info:    Ignoring declaration for text command \IJ (encoding ?) on input line 2086.
LaTeX Encoding Info:    Ignoring declaration for text command \SS (encoding ?) on input line 2111.
\U@D=\dimen151
\l@unhyphenated=\language79
 (C:\Users\herie\AppData\Local\Programs\MiKTeX\tex/generic/babel\txtbabel.def)
\bbl@readstream=\read2
\bbl@dirlevel=\count284
Package babel Info: Configuration files are deprecated, as
(babel)             they can break document portability.
(babel)             Reported on input line 4206.

*************************************
* Local config file bblopts.cfg used
*
(C:\Users\herie\AppData\Local\Programs\MiKTeX\tex/latex/arabi\bblopts.cfg
File: bblopts.cfg 2005/09/08 v0.1 add Arabic and Farsi to "declared" options of babel
) (C:\Users\herie\AppData\Local\Programs\MiKTeX\tex/generic/babel/locale/es\babel-spanish.tex)
Package babel Info: Importing font and identification data for spanish
(babel)             from babel-es.ini. Reported on input line 4330.
 (C:\Users\herie\AppData\Local\Programs\MiKTeX\tex/latex/babel-spanish\spanish.ldf
Language: spanish.ldf 2021/05/27 v5.0q Spanish support from the babel system
\es@quottoks=\toks19
\es@quotdepth=\count285
Package babel Info: Making " an active character on input line 570.
Package babel Info: Making < an active character on input line 722.
Package babel Info: Making > an active character on input line 722.
))
LaTeX Encoding Info:    Redeclaring text command \guillemotleft (encoding OT1) on input line 5.
LaTeX Encoding Info:    Redeclaring text command \guillemotright (encoding OT1) on input line 5.
 (C:\Users\herie\AppData\Local\Programs\MiKTeX\tex/latex/geometry\geometry.sty
Package: geometry 2026/03/07 v6.0 Page Geometry
 (C:\Users\herie\AppData\Local\Programs\MiKTeX\tex/latex/graphics\keyval.sty
Package: keyval 2022/05/29 v1.15 key=value parser (DPC)
\KV@toks@=\toks20
) (C:\Users\herie\AppData\Local\Programs\MiKTeX\tex/generic/iftex\ifvtex.sty
Package: ifvtex 2019/10/25 v1.7 ifvtex legacy package. Use iftex instead.
 (C:\Users\herie\AppData\Local\Programs\MiKTeX\tex/generic/iftex\iftex.sty
Package: iftex 2024/12/12 v1.0g TeX engine tests
))
\Gm@cnth=\count286
\Gm@cntv=\count287
\c@Gm@tempcnt=\count288
\Gm@bindingoffset=\dimen152
\Gm@wd@mp=\dimen153
\Gm@odd@mp=\dimen154
\Gm@even@mp=\dimen155
\Gm@layoutwidth=\dimen156
\Gm@layoutheight=\dimen157
\Gm@layouthoffset=\dimen158
\Gm@layoutvoffset=\dimen159
\Gm@dimlist=\toks21
 (C:\Users\herie\AppData\Local\Programs\MiKTeX\tex/latex/geometry\geometry.cfg)) (C:\Users\herie\AppData\Local\Programs\MiKTeX\tex/latex/amsmath\amsmath.sty
Package: amsmath 2025/07/09 v2.17z AMS math features
\@mathmargin=\skip51

For additional information on amsmath, use the `?' option.
(C:\Users\herie\AppData\Local\Programs\MiKTeX\tex/latex/amsmath\amstext.sty
Package: amstext 2024/11/17 v2.01 AMS text
 (C:\Users\herie\AppData\Local\Programs\MiKTeX\tex/latex/amsmath\amsgen.sty
File: amsgen.sty 1999/11/30 v2.0 generic functions
\@emptytoks=\toks22
\ex@=\dimen160
)) (C:\Users\herie\AppData\Local\Programs\MiKTeX\tex/latex/amsmath\amsbsy.sty
Package: amsbsy 1999/11/29 v1.2d Bold Symbols
\pmbraise@=\dimen161
) (C:\Users\herie\AppData\Local\Programs\MiKTeX\tex/latex/amsmath\amsopn.sty
Package: amsopn 2022/04/08 v2.04 operator names
)
\inf@bad=\count289
LaTeX Info: Redefining \frac on input line 233.
\uproot@=\count290
\leftroot@=\count291
LaTeX Info: Redefining \overline on input line 398.
LaTeX Info: Redefining \colon on input line 409.
\classnum@=\count292
\DOTSCASE@=\count293
LaTeX Info: Redefining \ldots on input line 495.
LaTeX Info: Redefining \dots on input line 498.
LaTeX Info: Redefining \cdots on input line 619.
\Mathstrutbox@=\box53
\strutbox@=\box54
LaTeX Info: Redefining \big on input line 721.
LaTeX Info: Redefining \Big on input line 722.
LaTeX Info: Redefining \bigg on input line 723.
LaTeX Info: Redefining \Bigg on input line 724.
\big@size=\dimen162
LaTeX Font Info:    Redeclaring font encoding OML on input line 742.
LaTeX Font Info:    Redeclaring font encoding OMS on input line 743.
\macc@depth=\count294
LaTeX Info: Redefining \bmod on input line 904.
LaTeX Info: Redefining \pmod on input line 909.
LaTeX Info: Redefining \smash on input line 939.
LaTeX Info: Redefining \relbar on input line 969.
LaTeX Info: Redefining \Relbar on input line 970.
\c@MaxMatrixCols=\count295
\dotsspace@=\muskip17
\c@parentequation=\count296
\dspbrk@lvl=\count297
\tag@help=\toks23
\row@=\count298
\column@=\count299
\maxfields@=\count300
\andhelp@=\toks24
\eqnshift@=\dimen163
\alignsep@=\dimen164
\tagshift@=\dimen165
\tagwidth@=\dimen166
\totwidth@=\dimen167
\lineht@=\dimen168
\@envbody=\toks25
\multlinegap=\skip52
\multlinetaggap=\skip53
\mathdisplay@stack=\toks26
LaTeX Info: Redefining \[ on input line 2950.
LaTeX Info: Redefining \] on input line 2951.
) (C:\Users\herie\AppData\Local\Programs\MiKTeX\tex/latex/amsfonts\amssymb.sty
Package: amssymb 2013/01/14 v3.01 AMS font symbols
 (C:\Users\herie\AppData\Local\Programs\MiKTeX\tex/latex/amsfonts\amsfonts.sty
Package: amsfonts 2013/01/14 v3.01 Basic AMSFonts support
\symAMSa=\mathgroup4
\symAMSb=\mathgroup5
LaTeX Font Info:    Redeclaring math symbol \hbar on input line 98.
LaTeX Font Info:    Overwriting math alphabet `\mathfrak' in version `bold'
(Font)                  U/euf/m/n --> U/euf/b/n on input line 106.
)) (C:\Users\herie\AppData\Local\Programs\MiKTeX\tex/latex/booktabs\booktabs.sty
Package: booktabs 2020/01/12 v1.61803398 Publication quality tables
\heavyrulewidth=\dimen169
\lightrulewidth=\dimen170
\cmidrulewidth=\dimen171
\belowrulesep=\dimen172
\belowbottomsep=\dimen173
\aboverulesep=\dimen174
\abovetopsep=\dimen175
\cmidrulesep=\dimen176
\cmidrulekern=\dimen177
\defaultaddspace=\dimen178
\@cmidla=\count301
\@cmidlb=\count302
\@aboverulesep=\dimen179
\@belowrulesep=\dimen180
\@thisruleclass=\count303
\@lastruleclass=\count304
\@thisrulewidth=\dimen181
) (C:\Users\herie\AppData\Local\Programs\MiKTeX\tex/latex/tools\array.sty
Package: array 2025/09/25 v2.6n Tabular extension package (FMi)
\col@sep=\dimen182
\ar@mcellbox=\box55
\extrarowheight=\dimen183
\NC@list=\toks27
\extratabsurround=\skip54
\backup@length=\skip55
\ar@cellbox=\box56
) (C:\Users\herie\AppData\Local\Programs\MiKTeX\tex/latex/tools\longtable.sty
Package: longtable 2025-10-13 v4.24 Multi-page Table package (DPC)
\LTleft=\skip56
\LTright=\skip57
\LTpre=\skip58
\LTpost=\skip59
\LTchunksize=\count305
\LTcapwidth=\dimen184
\LT@head=\box57
\LT@firsthead=\box58
\LT@foot=\box59
\LT@lastfoot=\box60
\LT@gbox=\box61
\LT@cols=\count306
\LT@rows=\count307
\c@LT@tables=\count308
\c@LT@chunks=\count309
\LT@p@ftn=\toks28
) (C:\Users\herie\AppData\Local\Programs\MiKTeX\tex/latex/graphics\graphicx.sty
Package: graphicx 2024/12/31 v1.2e Enhanced LaTeX Graphics (DPC,SPQR)
 (C:\Users\herie\AppData\Local\Programs\MiKTeX\tex/latex/graphics\graphics.sty
Package: graphics 2024/08/06 v1.4g Standard LaTeX Graphics (DPC,SPQR)
 (C:\Users\herie\AppData\Local\Programs\MiKTeX\tex/latex/graphics\trig.sty
Package: trig 2023/12/02 v1.11 sin cos tan (DPC)
) (C:\Users\herie\AppData\Local\Programs\MiKTeX\tex/latex/graphics-cfg\graphics.cfg
File: graphics.cfg 2016/06/04 v1.11 sample graphics configuration
)
Package graphics Info: Driver file: pdftex.def on input line 106.
 (C:\Users\herie\AppData\Local\Programs\MiKTeX\tex/latex/graphics-def\pdftex.def
File: pdftex.def 2025/09/29 v1.2d Graphics/color driver for pdftex
))
\Gin@req@height=\dimen185
\Gin@req@width=\dimen186
) (C:\Users\herie\AppData\Local\Programs\MiKTeX\tex/latex/float\float.sty
Package: float 2001/11/08 v1.3d Float enhancements (AL)
\c@float@type=\count310
\float@exts=\toks29
\float@box=\box62
\@float@everytoks=\toks30
\@floatcapt=\box63
) (C:\Users\herie\AppData\Local\Programs\MiKTeX\tex/latex/caption\caption.sty
Package: caption 2023/08/05 v3.6o Customizing captions (AR)
 (C:\Users\herie\AppData\Local\Programs\MiKTeX\tex/latex/caption\caption3.sty
Package: caption3 2023/07/31 v2.4d caption3 kernel (AR)
\caption@tempdima=\dimen187
\captionmargin=\dimen188
\caption@leftmargin=\dimen189
\caption@rightmargin=\dimen190
\caption@width=\dimen191
\caption@indent=\dimen192
\caption@parindent=\dimen193
\caption@hangindent=\dimen194
Package caption Info: Standard document class detected.
)
\c@caption@flags=\count311
\c@continuedfloat=\count312
Package caption Info: float package is loaded.
Package caption Info: longtable package is loaded.
 (C:\Users\herie\AppData\Local\Programs\MiKTeX\tex/latex/caption\ltcaption.sty
Package: ltcaption 2021/01/08 v1.4c longtable captions (AR)
)) (C:\Users\herie\AppData\Local\Programs\MiKTeX\tex/latex/hyperref\hyperref.sty
Package: hyperref 2026-01-29 v7.01p Hypertext links for LaTeX
 (C:\Users\herie\AppData\Local\Programs\MiKTeX\tex/latex/kvsetkeys\kvsetkeys.sty
Package: kvsetkeys 2022-10-05 v1.19 Key value parser (HO)
) (C:\Users\herie\AppData\Local\Programs\MiKTeX\tex/generic/kvdefinekeys\kvdefinekeys.sty
Package: kvdefinekeys 2019-12-19 v1.6 Define keys (HO)
) (C:\Users\herie\AppData\Local\Programs\MiKTeX\tex/generic/pdfescape\pdfescape.sty
Package: pdfescape 2019/12/09 v1.15 Implements pdfTeX's escape features (HO)
 (C:\Users\herie\AppData\Local\Programs\MiKTeX\tex/generic/ltxcmds\ltxcmds.sty
Package: ltxcmds 2023-12-04 v1.26 LaTeX kernel commands for general use (HO)
) (C:\Users\herie\AppData\Local\Programs\MiKTeX\tex/generic/pdftexcmds\pdftexcmds.sty
Package: pdftexcmds 2020-06-27 v0.33 Utility functions of pdfTeX for LuaTeX (HO)
 (C:\Users\herie\AppData\Local\Programs\MiKTeX\tex/generic/infwarerr\infwarerr.sty
Package: infwarerr 2019/12/03 v1.5 Providing info/warning/error messages (HO)
)
Package pdftexcmds Info: \pdf@primitive is available.
Package pdftexcmds Info: \pdf@ifprimitive is available.
Package pdftexcmds Info: \pdfdraftmode found.
)) (C:\Users\herie\AppData\Local\Programs\MiKTeX\tex/latex/hycolor\hycolor.sty
Package: hycolor 2020-01-27 v1.10 Color options for hyperref/bookmark (HO)
) (C:\Users\herie\AppData\Local\Programs\MiKTeX\tex/latex/hyperref\nameref.sty
Package: nameref 2026-01-29 v2.58 Cross-referencing by name of section
 (C:\Users\herie\AppData\Local\Programs\MiKTeX\tex/latex/refcount\refcount.sty
Package: refcount 2019/12/15 v3.6 Data extraction from label references (HO)
) (C:\Users\herie\AppData\Local\Programs\MiKTeX\tex/generic/gettitlestring\gettitlestring.sty
Package: gettitlestring 2019/12/15 v1.6 Cleanup title references (HO)
 (C:\Users\herie\AppData\Local\Programs\MiKTeX\tex/latex/kvoptions\kvoptions.sty
Package: kvoptions 2022-06-15 v3.15 Key value format for package options (HO)
))
\c@section@level=\count313
) (C:\Users\herie\AppData\Local\Programs\MiKTeX\tex/latex/etoolbox\etoolbox.sty
Package: etoolbox 2025/10/02 v2.5m e-TeX tools for LaTeX (JAW)
\etb@tempcnta=\count314
) (C:\Users\herie\AppData\Local\Programs\MiKTeX\tex/generic/stringenc\stringenc.sty
Package: stringenc 2019/11/29 v1.12 Convert strings between diff. encodings (HO)
)
\@linkdim=\dimen195
\Hy@linkcounter=\count315
\Hy@pagecounter=\count316
 (C:\Users\herie\AppData\Local\Programs\MiKTeX\tex/latex/hyperref\pd1enc.def
File: pd1enc.def 2026-01-29 v7.01p Hyperref: PDFDocEncoding definition (HO)
Now handling font encoding PD1 ...
... no UTF-8 mapping file for font encoding PD1
) (C:\Users\herie\AppData\Local\Programs\MiKTeX\tex/generic/intcalc\intcalc.sty
Package: intcalc 2019/12/15 v1.3 Expandable calculations with integers (HO)
)
\Hy@SavedSpaceFactor=\count317
 (C:\Users\herie\AppData\Local\Programs\MiKTeX\tex/latex/hyperref\puenc.def
File: puenc.def 2026-01-29 v7.01p Hyperref: PDF Unicode definition (HO)
Now handling font encoding PU ...
... no UTF-8 mapping file for font encoding PU
)
Package hyperref Info: Hyper figures OFF on input line 4201.
Package hyperref Info: Link nesting OFF on input line 4206.
Package hyperref Info: Hyper index ON on input line 4209.
Package hyperref Info: Plain pages OFF on input line 4216.
Package hyperref Info: Backreferencing OFF on input line 4221.
Package hyperref Info: Implicit mode ON; LaTeX internals redefined.
Package hyperref Info: Bookmarks ON on input line 4468.
\c@Hy@tempcnt=\count318
 (C:\Users\herie\AppData\Local\Programs\MiKTeX\tex/latex/url\url.sty
\Urlmuskip=\muskip18
Package: url 2013/09/16  ver 3.4  Verb mode for urls, etc.
)
LaTeX Info: Redefining \url on input line 4807.
\XeTeXLinkMargin=\dimen196
 (C:\Users\herie\AppData\Local\Programs\MiKTeX\tex/generic/bitset\bitset.sty
Package: bitset 2019/12/09 v1.3 Handle bit-vector datatype (HO)
 (C:\Users\herie\AppData\Local\Programs\MiKTeX\tex/generic/bigintcalc\bigintcalc.sty
Package: bigintcalc 2019/12/15 v1.5 Expandable calculations on big integers (HO)
))
\Fld@menulength=\count319
\Field@Width=\dimen197
\Fld@charsize=\dimen198
Package hyperref Info: Hyper figures OFF on input line 6084.
Package hyperref Info: Link nesting OFF on input line 6089.
Package hyperref Info: Hyper index ON on input line 6092.
Package hyperref Info: backreferencing OFF on input line 6099.
Package hyperref Info: Link coloring OFF on input line 6104.
Package hyperref Info: Link coloring with OCG OFF on input line 6109.
Package hyperref Info: PDF/A mode OFF on input line 6114.
\Hy@abspage=\count320
\c@Item=\count321
\c@Hfootnote=\count322
)
Package hyperref Info: Driver (autodetected): hpdftex.
 (C:\Users\herie\AppData\Local\Programs\MiKTeX\tex/latex/hyperref\hpdftex.def
File: hpdftex.def 2026-01-29 v7.01p Hyperref driver for pdfTeX
\Fld@listcount=\count323
\c@bookmark@seq@number=\count324
 (C:\Users\herie\AppData\Local\Programs\MiKTeX\tex/latex/rerunfilecheck\rerunfilecheck.sty
Package: rerunfilecheck 2025-06-21 v1.11 Rerun checks for auxiliary files (HO)
 (C:\Users\herie\AppData\Local\Programs\MiKTeX\tex/generic/uniquecounter\uniquecounter.sty
Package: uniquecounter 2019/12/15 v1.4 Provide unlimited unique counter (HO)
)
Package uniquecounter Info: New unique counter `rerunfilecheck' on input line 284.
)
\Hy@SectionHShift=\skip60
) (C:\Users\herie\AppData\Local\Programs\MiKTeX\tex/latex/xcolor\xcolor.sty
Package: xcolor 2024/09/29 v3.02 LaTeX color extensions (UK)
 (C:\Users\herie\AppData\Local\Programs\MiKTeX\tex/latex/graphics-cfg\color.cfg
File: color.cfg 2016/01/02 v1.6 sample color configuration
)
Package xcolor Info: Driver file: pdftex.def on input line 274.
 (C:\Users\herie\AppData\Local\Programs\MiKTeX\tex/latex/graphics\mathcolor.ltx)
Package xcolor Info: Model `cmy' substituted by `cmy0' on input line 1349.
Package xcolor Info: Model `hsb' substituted by `rgb' on input line 1353.
Package xcolor Info: Model `RGB' extended on input line 1365.
Package xcolor Info: Model `HTML' substituted by `rgb' on input line 1367.
Package xcolor Info: Model `Hsb' substituted by `hsb' on input line 1368.
Package xcolor Info: Model `tHsb' substituted by `hsb' on input line 1369.
Package xcolor Info: Model `HSB' substituted by `hsb' on input line 1370.
Package xcolor Info: Model `Gray' substituted by `gray' on input line 1371.
Package xcolor Info: Model `wave' substituted by `hsb' on input line 1372.
) (C:\Users\herie\AppData\Local\Programs\MiKTeX\tex/latex/fancyhdr\fancyhdr.sty
Package: fancyhdr 2025/02/07 v5.2 Extensive control of page headers and footers
\f@nch@headwidth=\skip61
\f@nch@offset@elh=\skip62
\f@nch@offset@erh=\skip63
\f@nch@offset@olh=\skip64
\f@nch@offset@orh=\skip65
\f@nch@offset@elf=\skip66
\f@nch@offset@erf=\skip67
\f@nch@offset@olf=\skip68
\f@nch@offset@orf=\skip69
\f@nch@height=\skip70
\f@nch@footalignment=\skip71
\f@nch@widthL=\skip72
\f@nch@widthC=\skip73
\f@nch@widthR=\skip74
\@temptokenb=\toks31
) (C:\Users\herie\AppData\Local\Programs\MiKTeX\tex/latex/tools\multicol.sty
Package: multicol 2025/10/21 v2.0b multicolumn formatting (FMi)
\c@tracingmulticols=\count325
\mult@box=\box64
\multicol@leftmargin=\dimen199
\c@unbalance=\count326
\c@collectmore=\count327
\doublecol@number=\count328
\multicoltolerance=\count329
\multicolpretolerance=\count330
\full@width=\dimen256
\page@free=\dimen257
\premulticols=\dimen258
\postmulticols=\dimen259
\multicolsep=\skip75
\multicolbaselineskip=\skip76
\partial@page=\box65
\last@line=\box66
\mc@boxedresult=\box67
\maxbalancingoverflow=\dimen260
\mult@rightbox=\box68
\mult@grightbox=\box69
\mult@firstbox=\box70
\mult@gfirstbox=\box71
\@tempa=\box72
\@tempa=\box73
\@tempa=\box74
\@tempa=\box75
\@tempa=\box76
\@tempa=\box77
\@tempa=\box78
\@tempa=\box79
\@tempa=\box80
\@tempa=\box81
\@tempa=\box82
\@tempa=\box83
\@tempa=\box84
\@tempa=\box85
\@tempa=\box86
\@tempa=\box87
\@tempa=\box88
\@tempa=\box89
\@tempa=\box90
\@tempa=\box91
\@tempa=\box92
\@tempa=\box93
\@tempa=\box94
\@tempa=\box95
\@tempa=\box96
\@tempa=\box97
\@tempa=\box98
\@tempa=\box99
\@tempa=\box100
\@tempa=\box101
\@tempa=\box102
\@tempa=\box103
\@tempa=\box104
\@tempa=\box105
\@tempa=\box106
\@tempa=\box107
\c@minrows=\count331
\c@columnbadness=\count332
\c@finalcolumnbadness=\count333
\last@try=\dimen261
\multicolovershoot=\dimen262
\multicolundershoot=\dimen263
\mult@nat@firstbox=\box108
\colbreak@box=\box109
\mc@col@check@num=\count334
\g__mc_curr_col_int=\count335
) (C:\Users\herie\AppData\Local\Programs\MiKTeX\tex/latex/enumitem\enumitem.sty
Package: enumitem 2025/02/06 v3.11 Customized lists
\labelindent=\skip77
\enit@outerparindent=\dimen264
\enit@toks=\toks32
\enit@inbox=\box110
\enit@count@id=\count336
\enitdp@description=\count337
)
Package hyperref Info: Option `colorlinks' set `true' on input line 9.
 (C:\Users\herie\AppData\Local\Programs\MiKTeX\tex/latex/l3backend\l3backend-pdftex.def
File: l3backend-pdftex.def 2026-02-18 L3 backend support: PDF output (pdfTeX)
\l__color_backend_stack_int=\count338
) (main.aux
LaTeX Info: Redefining \. on input line 11.
LaTeX Info: Redefining \% on input line 11.
Package babel Info: 'spanish' activates 'spanish' shorthands.
(babel)             Reported on input line 11.
)
\openout1 = `main.aux'.

LaTeX Font Info:    Checking defaults for OML/cmm/m/it on input line 41.
LaTeX Font Info:    ... okay on input line 41.
LaTeX Font Info:    Checking defaults for OMS/cmsy/m/n on input line 41.
LaTeX Font Info:    ... okay on input line 41.
LaTeX Font Info:    Checking defaults for OT1/cmr/m/n on input line 41.
LaTeX Font Info:    ... okay on input line 41.
LaTeX Font Info:    Checking defaults for T1/cmr/m/n on input line 41.
LaTeX Font Info:    ... okay on input line 41.
LaTeX Font Info:    Checking defaults for TS1/cmr/m/n on input line 41.
LaTeX Font Info:    ... okay on input line 41.
LaTeX Font Info:    Checking defaults for OMX/cmex/m/n on input line 41.
LaTeX Font Info:    ... okay on input line 41.
LaTeX Font Info:    Checking defaults for U/cmr/m/n on input line 41.
LaTeX Font Info:    ... okay on input line 41.
LaTeX Font Info:    Checking defaults for PD1/pdf/m/n on input line 41.
LaTeX Font Info:    ... okay on input line 41.
LaTeX Font Info:    Checking defaults for PU/pdf/m/n on input line 41.
LaTeX Font Info:    ... okay on input line 41.
LaTeX Info: Redefining \. on input line 41.
LaTeX Info: Redefining \% on input line 41.

*geometry* driver: auto-detecting
*geometry* detected driver: pdftex
*geometry* verbose mode - [ preamble ] result:
* driver: pdftex
* paper: a4paper
* layout: <same size as paper>
* layoutoffset:(h,v)=(0.0pt,0.0pt)
* modes: 
* h-part:(L,W,R)=(62.59596pt, 472.31595pt, 62.59596pt)
* v-part:(T,H,B)=(62.59596pt, 719.85492pt, 62.59596pt)
* \paperwidth=597.50787pt
* \paperheight=845.04684pt
* \textwidth=472.31595pt
* \textheight=719.85492pt
* \oddsidemargin=-9.67403pt
* \evensidemargin=-9.67403pt
* \topmargin=-46.67403pt
* \headheight=14.0pt
* \headsep=25.0pt
* \topskip=11.0pt
* \footskip=30.0pt
* \marginparwidth=59.0pt
* \marginparsep=10.0pt
* \columnsep=10.0pt
* \skip\footins=10.0pt plus 4.0pt minus 2.0pt
* \hoffset=0.0pt
* \voffset=0.0pt
* \mag=1000
* \@twocolumnfalse
* \@twosidefalse
* \@mparswitchfalse
* \@reversemarginfalse
* (1in=72.27pt=25.4mm, 1cm=28.453pt)

(C:\Users\herie\AppData\Local\Programs\MiKTeX\tex/context/base/mkii\supp-pdf.mkii
[Loading MPS to PDF converter (version 2006.09.02).]
\scratchcounter=\count339
\scratchdimen=\dimen265
\scratchbox=\box111
\nofMPsegments=\count340
\nofMParguments=\count341
\everyMPshowfont=\toks33
\MPscratchCnt=\count342
\MPscratchDim=\dimen266
\MPnumerator=\count343
\makeMPintoPDFobject=\count344
\everyMPtoPDFconversion=\toks34
) (C:\Users\herie\AppData\Local\Programs\MiKTeX\tex/latex/epstopdf-pkg\epstopdf-base.sty
Package: epstopdf-base 2020-01-24 v2.11 Base part for package epstopdf
Package epstopdf-base Info: Redefining graphics rule for `.eps' on input line 485.
 (C:\Users\herie\AppData\Local\Programs\MiKTeX\tex/latex/00miktex\epstopdf-sys.cfg
File: epstopdf-sys.cfg 2021/03/18 v2.0 Configuration of epstopdf for MiKTeX
))
Package caption Info: Begin \AtBeginDocument code.
Package caption Info: hyperref package is loaded.
Package caption Info: End \AtBeginDocument code.
Package hyperref Info: Link coloring ON on input line 41.
 (main.out) (main.out)
\@outlinefile=\write3
\openout3 = `main.out'.

LaTeX Font Info:    Trying to load font information for U+msa on input line 43.
 (C:\Users\herie\AppData\Local\Programs\MiKTeX\tex/latex/amsfonts\umsa.fd
File: umsa.fd 2013/01/14 v3.01 AMS symbols A
)
LaTeX Font Info:    Trying to load font information for U+msb on input line 43.
 (C:\Users\herie\AppData\Local\Programs\MiKTeX\tex/latex/amsfonts\umsb.fd
File: umsb.fd 2013/01/14 v3.01 AMS symbols B
)
Overfull \hbox (0.77597pt too wide) in paragraph at lines 47--58
 [] 
 []

(main.toc
LaTeX Info: Redefining \. on input line 1.
LaTeX Info: Redefining \% on input line 1.
 [1

{C:/Users/herie/AppData/Local/MiKTeX/fonts/map/pdftex/pdftex.map}])
\tf@toc=\write4
\openout4 = `main.toc'.

 [2]
<figures/fig01_pipeline_chain.png, id=129, 2409.0pt x 521.95pt>
File: figures/fig01_pipeline_chain.png Graphic file (type png)
<use figures/fig01_pipeline_chain.png>
Package pdftex.def Info: figures/fig01_pipeline_chain.png  used on input line 69.
(pdftex.def)             Requested size: 462.8676pt x 100.28653pt.

ignored: Infinite glue shrinkage found in box being split [3 <./figures/fig01_pipeline_chain.png (PNG copy)>]
<figures/fig02_missingness_before_after.png, id=143, 1461.46pt x 787.94376pt>
File: figures/fig02_missingness_before_after.png Graphic file (type png)
<use figures/fig02_missingness_before_after.png>
Package pdftex.def Info: figures/fig02_missingness_before_after.png  used on input line 100.
(pdftex.def)             Requested size: 415.64034pt x 224.08537pt.
<figures/fig03_mapper_coverage.png, id=144, 1222.5675pt x 811.03pt>
File: figures/fig03_mapper_coverage.png Graphic file (type png)
<use figures/fig03_mapper_coverage.png>
Package pdftex.def Info: figures/fig03_mapper_coverage.png  used on input line 106.
(pdftex.def)             Requested size: 368.40585pt x 244.38753pt.
 [4 <./figures/fig02_missingness_before_after.png (PNG copy)>]
<figures/fig04_mapper_candidate_population.png, id=151, 1627.07875pt x 882.29625pt>
File: figures/fig04_mapper_candidate_population.png Graphic file (type png)
<use figures/fig04_mapper_candidate_population.png>
Package pdftex.def Info: figures/fig04_mapper_candidate_population.png  used on input line 120.
(pdftex.def)             Requested size: 462.8676pt x 250.98584pt.
 [5 <./figures/fig03_mapper_coverage.png (PNG copy)>]
<figures/fig05_mapper_imputation_fraction.png, id=157, 1590.94376pt x 906.38625pt>
File: figures/fig05_mapper_imputation_fraction.png Graphic file (type png)
<use figures/fig05_mapper_imputation_fraction.png>
Package pdftex.def Info: figures/fig05_mapper_imputation_fraction.png  used on input line 126.
(pdftex.def)             Requested size: 453.42647pt x 258.32275pt.

Overfull \hbox (9.1779pt too wide) in paragraph at lines 132--144
 [] 
 []

[6 <./figures/fig04_mapper_candidate_population.png (PNG copy)> <./figures/fig05_mapper_imputation_fraction.png (PNG copy)>]
<figures/fig06_final_region_synthesis_counts.png, id=164, 1276.77pt x 1121.18875pt>
File: figures/fig06_final_region_synthesis_counts.png Graphic file (type png)
<use figures/fig06_final_region_synthesis_counts.png>
Package pdftex.def Info: figures/fig06_final_region_synthesis_counts.png  used on input line 154.
(pdftex.def)             Requested size: 354.23695pt x 311.07368pt.
<figures/fig07_selected_graphs_by_evidence.png, id=165, 1645.14626pt x 882.29625pt>
File: figures/fig07_selected_graphs_by_evidence.png Graphic file (type png)
<use figures/fig07_selected_graphs_by_evidence.png>
Package pdftex.def Info: figures/fig07_selected_graphs_by_evidence.png  used on input line 160.
(pdftex.def)             Requested size: 462.8676pt x 248.23944pt.
 [7 <./figures/fig06_final_region_synthesis_counts.png (PNG copy)>]
<figures/fig08_orbital_mapper_evidence_class.png, id=174, 1609.01125pt x 1002.74625pt>
File: figures/fig08_orbital_mapper_evidence_class.png Graphic file (type png)
<use figures/fig08_orbital_mapper_evidence_class.png>
Package pdftex.def Info: figures/fig08_orbital_mapper_evidence_class.png  used on input line 172.
(pdftex.def)             Requested size: 425.08147pt x 264.90025pt.
 [8 <./figures/fig07_selected_graphs_by_evidence.png (PNG copy)>]
<figures/fig09_orbital_mapper_method.png, id=180, 1609.01125pt x 930.47626pt>
File: figures/fig09_orbital_mapper_method.png Graphic file (type png)
<use figures/fig09_orbital_mapper_method.png>
Package pdftex.def Info: figures/fig09_orbital_mapper_method.png  used on input line 178.
(pdftex.def)             Requested size: 425.08147pt x 245.80835pt.
<figures/fig10_orbital_mapper_imputation.png, id=181, 1609.01125pt x 835.12pt>
File: figures/fig10_orbital_mapper_imputation.png Graphic file (type png)
<use figures/fig10_orbital_mapper_imputation.png>
Package pdftex.def Info: figures/fig10_orbital_mapper_imputation.png  used on input line 184.
(pdftex.def)             Requested size: 425.08147pt x 220.61763pt.
 [9 <./figures/fig08_orbital_mapper_evidence_class.png (PNG copy)> <./figures/fig09_orbital_mapper_method.png (PNG copy)>]
<figures/fig11_top_regions_toi.png, id=188, 1590.94376pt x 1264.725pt>
File: figures/fig11_top_regions_toi.png Graphic file (type png)
<use figures/fig11_top_regions_toi.png>
Package pdftex.def Info: figures/fig11_top_regions_toi.png  used on input line 217.
(pdftex.def)             Requested size: 401.47144pt x 319.13309pt.
 [10 <./figures/fig10_orbital_mapper_imputation.png (PNG copy)>]
<figures/fig13_toi_vs_shadow.png, id=196, 1516.66624pt x 1407.2575pt>
File: figures/fig13_toi_vs_shadow.png Graphic file (type png)
<use figures/fig13_toi_vs_shadow.png>
Package pdftex.def Info: figures/fig13_toi_vs_shadow.png  used on input line 223.
(pdftex.def)             Requested size: 387.30254pt x 359.35052pt.
 [11 <./figures/fig11_top_regions_toi.png (PNG copy)>]
<figures/fig12_top_anchors_ati.png, id=203, 1590.94376pt x 1192.455pt>
File: figures/fig12_top_anchors_ati.png Graphic file (type png)
<use figures/fig12_top_anchors_ati.png>
Package pdftex.def Info: figures/fig12_top_anchors_ati.png  used on input line 239.
(pdftex.def)             Requested size: 401.47144pt x 300.89691pt.
 [12 <./figures/fig13_toi_vs_shadow.png (PNG copy)>]
<figures/fig14_deficit_profiles_by_radius.png, id=209, 1458.44875pt x 937.5025pt>
File: figures/fig14_deficit_profiles_by_radius.png Graphic file (type png)
<use figures/fig14_deficit_profiles_by_radius.png>
Package pdftex.def Info: figures/fig14_deficit_profiles_by_radius.png  used on input line 251.
(pdftex.def)             Requested size: 387.30254pt x 248.95197pt.
 [13 <./figures/fig12_top_anchors_ati.png (PNG copy)>]
<figures/fig15_ati_original_vs_conservative.png, id=217, 1350.04375pt x 1089.06876pt>
File: figures/fig15_ati_original_vs_conservative.png Graphic file (type png)
<use figures/fig15_ati_original_vs_conservative.png>
Package pdftex.def Info: figures/fig15_ati_original_vs_conservative.png  used on input line 257.
(pdftex.def)             Requested size: 368.40585pt x 297.17665pt.
 [14 <./figures/fig14_deficit_profiles_by_radius.png (PNG copy)> <./figures/fig15_ati_original_vs_conservative.png (PNG copy)>]
<figures/fig16_observational_priority_ranking.png, id=224, 1565.85pt x 1165.35374pt>
File: figures/fig16_observational_priority_ranking.png Graphic file (type png)
<use figures/fig16_observational_priority_ranking.png>
Package pdftex.def Info: figures/fig16_observational_priority_ranking.png  used on input line 269.
(pdftex.def)             Requested size: 406.192pt x 302.29134pt.
<figures/fig23_final_case_cards.png, id=225, 2409.0pt x 1104.125pt>
File: figures/fig23_final_case_cards.png Graphic file (type png)
<use figures/fig23_final_case_cards.png>
Package pdftex.def Info: figures/fig23_final_case_cards.png  used on input line 299.
(pdftex.def)             Requested size: 462.8676pt x 212.14459pt.
 [15 <./figures/fig16_observational_priority_ranking.png (PNG copy)>]
LaTeX Font Info:    Font shape `T1/cmtt/bx/n' in size <12> not available
(Font)              Font shape `T1/cmtt/m/n' tried instead on input line 303.
<figures/fig17_hip90988_ego_network.png, id=231, 1530.71875pt x 1468.48625pt>
File: figures/fig17_hip90988_ego_network.png Graphic file (type png)
<use figures/fig17_hip90988_ego_network.png>
Package pdftex.def Info: figures/fig17_hip90988_ego_network.png  used on input line 313.
(pdftex.def)             Requested size: 387.30254pt x 371.5573pt.
 [16 <./figures/fig23_final_case_cards.png (PNG copy)>]
<figures/fig18_hip90988_r3_projections.png, id=239, 1619.04875pt x 708.6475pt>
File: figures/fig18_hip90988_r3_projections.png Graphic file (type png)
<use figures/fig18_hip90988_r3_projections.png>
Package pdftex.def Info: figures/fig18_hip90988_r3_projections.png  used on input line 319.
(pdftex.def)             Requested size: 448.6987pt x 196.38708pt.
<figures/fig19_hip90988_method_composition.png, id=240, 1458.44875pt x 733.74126pt>
File: figures/fig19_hip90988_method_composition.png Graphic file (type png)
<use figures/fig19_hip90988_method_composition.png>
Package pdftex.def Info: figures/fig19_hip90988_method_composition.png  used on input line 325.
(pdftex.def)             Requested size: 396.74365pt x 199.59065pt.
 [17 <./figures/fig17_hip90988_ego_network.png (PNG copy)> <./figures/fig18_hip90988_r3_projections.png (PNG copy)>]
<figures/fig20_hip90988_r3_audit.png, id=249, 1243.64626pt x 733.74126pt>
File: figures/fig20_hip90988_r3_audit.png Graphic file (type png)
<use figures/fig20_hip90988_r3_audit.png>
Package pdftex.def Info: figures/fig20_hip90988_r3_audit.png  used on input line 331.
(pdftex.def)             Requested size: 368.40585pt x 217.35867pt.
<figures/fig21_hip90988_local_deficit.png, id=250, 1279.78125pt x 835.12pt>
File: figures/fig21_hip90988_local_deficit.png Graphic file (type png)
<use figures/fig21_hip90988_local_deficit.png>
Package pdftex.def Info: figures/fig21_hip90988_local_deficit.png  used on input line 337.
(pdftex.def)             Requested size: 368.40585pt x 240.40733pt.
 [18 <./figures/fig19_hip90988_method_composition.png (PNG copy)> <./figures/fig20_hip90988_r3_audit.png (PNG copy)>]
<figures/fig22_hip90988_rv_proxy.png, id=257, 1296.845pt x 758.835pt>
File: figures/fig22_hip90988_rv_proxy.png Graphic file (type png)
<use figures/fig22_hip90988_rv_proxy.png>
Package pdftex.def Info: figures/fig22_hip90988_rv_proxy.png  used on input line 343.
(pdftex.def)             Requested size: 368.40585pt x 215.5639pt.
 [19 <./figures/fig21_hip90988_local_deficit.png (PNG copy)> <./figures/fig22_hip90988_rv_proxy.png (PNG copy)>]
Underfull \hbox (badness 5578) in paragraph at lines 370--370
[]|\T1/cmr/m/n/10.95 Astronomía ob-ser-
 []


Underfull \hbox (badness 10000) in paragraph at lines 371--371
[]|\T1/cmr/m/n/10.95 Topological Da-ta
 []


Underfull \hbox (badness 3168) in paragraph at lines 373--374
[]|\T1/cmr/m/n/10.95 Separa se-ńa-les ex-plo-ra-to-rias de
 []

[20] [21] [22] (main.aux
LaTeX Info: Redefining \. on input line 11.
LaTeX Info: Redefining \% on input line 11.
)
 ***********
LaTeX2e <2025-11-01>
L3 programming layer <2026-03-20>
 ***********
Package rerunfilecheck Info: File `main.out' has not changed.
(rerunfilecheck)             Checksum: DBA489AE1ADF3DEC92ADDA8A9A5CFF39;5586.
 ) 
Here is how much of TeX's memory you used:
 15109 strings out of 467691
 247488 string characters out of 5414987
 681965 words of memory out of 5000000
 43891 multiletter control sequences out of 15000+600000
 649261 words of font info for 97 fonts, out of 8000000 for 9000
 1141 hyphenation exceptions out of 8191
 75i,14n,79p,994b,791s stack positions out of 10000i,1000n,20000p,200000b,200000s
 <C:\Users\herie\AppData\Local\MiKTeX\fonts/pk/ljfour/jknappen/ec/dpi600\ectt1200.pk> <C:\Users\herie\AppData\Local\MiKTeX\fonts/pk/ljfour/jknappen/ec/dpi600\ecbx1200.pk> <C:\Users\herie\AppData\Local\MiKTeX\fonts/pk/ljfour/jknappen/ec/dpi600\ecrm0800.pk> <C:\Users\herie\AppData\Local\MiKTeX\fonts/pk/ljfour/jknappen/ec/dpi600\ectt1000.pk> <C:\Users\herie\AppData\Local\MiKTeX\fonts/pk/ljfour/jknappen/ec/dpi600\ecti1095.pk> <C:\Users\herie\AppData\Local\MiKTeX\fonts/pk/ljfour/jknappen/ec/dpi600\ecrm1000.pk> <C:\Users\herie\AppData\Local\MiKTeX\fonts/pk/ljfour/jknappen/ec/dpi600\ecbx1000.pk> <C:\Users\herie\AppData\Local\MiKTeX\fonts/pk/ljfour/jknappen/ec/dpi600\ecbx1440.pk> <C:\Users\herie\AppData\Local\MiKTeX\fonts/pk/ljfour/jknappen/ec/dpi600\ectt1095.pk> <C:\Users\herie\AppData\Local\MiKTeX\fonts/pk/ljfour/jknappen/ec/dpi600\ecrm1095.pk> <C:\Users\herie\AppData\Local\MiKTeX\fonts/pk/ljfour/jknappen/ec/dpi600\ecbx1095.pk> <C:\Users\herie\AppData\Local\MiKTeX\fonts/pk/ljfour/jknappen/ec/dpi600\ecrm1200.pk> <C:\Users\herie\AppData\Local\MiKTeX\fonts/pk/ljfour/jknappen/ec/dpi600\ecbx1728.pk><C:/Users/herie/AppData/Local/Programs/MiKTeX/fonts/type1/public/amsfonts/cm/cmbx8.pfb><C:/Users/herie/AppData/Local/Programs/MiKTeX/fonts/type1/public/amsfonts/cm/cmmi10.pfb><C:/Users/herie/AppData/Local/Programs/MiKTeX/fonts/type1/public/amsfonts/cm/cmmi7.pfb><C:/Users/herie/AppData/Local/Programs/MiKTeX/fonts/type1/public/amsfonts/cm/cmmi8.pfb><C:/Users/herie/AppData/Local/Programs/MiKTeX/fonts/type1/public/amsfonts/cm/cmmib10.pfb><C:/Users/herie/AppData/Local/Programs/MiKTeX/fonts/type1/public/amsfonts/cm/cmr10.pfb><C:/Users/herie/AppData/Local/Programs/MiKTeX/fonts/type1/public/amsfonts/cm/cmr6.pfb><C:/Users/herie/AppData/Local/Programs/MiKTeX/fonts/type1/public/amsfonts/cm/cmr7.pfb><C:/Users/herie/AppData/Local/Programs/MiKTeX/fonts/type1/public/amsfonts/cm/cmr8.pfb><C:/Users/herie/AppData/Local/Programs/MiKTeX/fonts/type1/public/amsfonts/cm/cmsy10.pfb><C:/Users/herie/AppData/Local/Programs/MiKTeX/fonts/type1/public/amsfonts/cm/cmsy8.pfb><C:/Users/herie/AppData/Local/Programs/MiKTeX/fonts/type1/public/amsfonts/symbols/msbm10.pfb>
Output written on main.pdf (22 pages, 3324914 bytes).
PDF statistics:
 847 PDF objects out of 1000 (max. 8388607)
 76 named destinations out of 1000 (max. 500000)
 292 words of extra memory for PDF output out of 10000 (max. 10000000)

